Sun Mar 27 14:53:22 2022 [85600][1][FATAL] User update error: Temp User is not retrieved at ID 1, boolean given
Sun Mar 27 14:53:22 2022 [85600][1][FATAL] Email address save error
Sun Mar 27 14:53:26 2022 [85600][1][FATAL] User update error: Temp User is not retrieved at ID seed_jim_id, boolean given
Sun Mar 27 14:53:26 2022 [85600][1][FATAL] Email address save error
Sun Mar 27 14:53:26 2022 [85600][1][FATAL] User update error: Temp User is not retrieved at ID seed_sarah_id, boolean given
Sun Mar 27 14:53:27 2022 [85600][1][FATAL] Email address save error
Sun Mar 27 14:53:27 2022 [85600][1][FATAL] User update error: Temp User is not retrieved at ID seed_sally_id, boolean given
Sun Mar 27 14:53:27 2022 [85600][1][FATAL] Email address save error
Sun Mar 27 14:53:27 2022 [85600][1][FATAL] User update error: Temp User is not retrieved at ID seed_max_id, boolean given
Sun Mar 27 14:53:27 2022 [85600][1][FATAL] Email address save error
Sun Mar 27 14:53:28 2022 [85600][1][FATAL] User update error: Temp User is not retrieved at ID seed_will_id, boolean given
Sun Mar 27 14:53:28 2022 [85600][1][FATAL] Email address save error
Sun Mar 27 14:53:28 2022 [85600][1][FATAL] User update error: Temp User is not retrieved at ID seed_chris_id, boolean given
Sun Mar 27 14:53:28 2022 [85600][1][FATAL] Email address save error
Sun Mar 27 14:53:38 2022 [85600][1][SECURITY] Setting logger_file_name to ''.
Sun Mar 27 14:53:38 2022 [85600][1][SECURITY] Invalid ext  logger_file_ext : ''.
Sun Mar 27 14:53:38 2022 [85600][1][SECURITY] Setting logger_file_ext to ''.
Sun Mar 27 14:53:38 2022 [85600][1][SECURITY] Log file extension can't be blank.
Sun Mar 27 14:53:38 2022 [85600][1][SECURITY] Log file extension can't be blank.
Sun Mar 27 14:53:38 2022 [85600][1][SECURITY] Setting logger_file_name to ''.
Sun Mar 27 14:53:38 2022 [85600][1][SECURITY] Invalid ext  logger_file_ext : ''.
Sun Mar 27 14:53:38 2022 [85600][1][SECURITY] Setting logger_file_ext to ''.
Sun Mar 27 14:53:38 2022 [85600][1][SECURITY] Log file extension can't be blank.
Sun Mar 27 14:53:38 2022 [85600][1][SECURITY] Log file extension can't be blank.
Sun Mar 27 14:53:57 2022 [85570][1][FATAL] Email address save error
Sun Mar 27 15:07:15 2022 [46666][1][FATAL] Mysqli_query failed.
Sun Mar 27 15:07:15 2022 [46666][1][FATAL]  Query Failed: SELECT favorites.*
                  FROM favorites
                  JOIN config ON ( config.id = favorites.parent_id )
                  WHERE favorites.assigned_user_id = '1'
                    AND favorites.parent_type = 'Administration'
                    AND favorites.deleted = 0
                    AND config.deleted = 0
                  ORDER BY favorites.date_entered DESC LIMIT 0,10: MySQL error 1054: Unknown column 'config.deleted' in 'where clause'
Sun Mar 27 15:07:49 2022 [85567][1][FATAL] Mysqli_query failed.
Sun Mar 27 15:07:49 2022 [85567][1][FATAL]  Query Failed: SELECT favorites.*
                  FROM favorites
                  JOIN config ON ( config.id = favorites.parent_id )
                  WHERE favorites.assigned_user_id = '1'
                    AND favorites.parent_type = 'Administration'
                    AND favorites.deleted = 0
                    AND config.deleted = 0
                  ORDER BY favorites.date_entered DESC LIMIT 0,10: MySQL error 1054: Unknown column 'config.deleted' in 'where clause'
Sun Mar 27 15:12:52 2022 [46833][1][FATAL] Email address save error
Sun Mar 27 15:17:06 2022 [85567][1][FATAL] Email address save error
Sun Mar 27 15:25:18 2022 [48230][1][FATAL] Email address save error
Sun Mar 27 15:33:08 2022 [47773][1][FATAL] Email address save error
Sun Mar 27 15:34:37 2022 [85568][1][FATAL] Email address save error
Sun Mar 27 15:35:05 2022 [69175][1][FATAL] Email address save error
Sun Mar 27 23:14:10 2022 [48326][1][FATAL] Email address save error
Sat Apr  9 19:06:06 2022 [37750][1][FATAL] log call at: modules/EmailMan/tpls/config.tpl:463 - styleChecked is not set
Sat Apr  9 19:06:08 2022 [37750][1][FATAL] log call at: modules/EmailMan/tpls/config.tpl:463 - styleChecked is not set
Sat Apr  9 19:13:55 2022 [38572][1][FATAL] log call at: modules/EmailMan/tpls/config.tpl:463 - styleChecked is not set
Sat Apr  9 19:14:09 2022 [97213][1][FATAL] log call at: modules/EmailMan/tpls/config.tpl:463 - styleChecked is not set
Sat Apr  9 19:14:17 2022 [70184][1][FATAL] log call at: modules/EmailMan/tpls/config.tpl:463 - styleChecked is not set
Sat Apr  9 19:23:04 2022 [1676][1][FATAL] log call at: modules/EmailMan/tpls/config.tpl:463 - styleChecked is not set
Sat Apr  9 20:26:16 2022 [1676][1][FATAL] log call at: modules/EmailMan/tpls/config.tpl:463 - styleChecked is not set
Sat Apr  9 20:26:18 2022 [1676][1][FATAL] log call at: modules/EmailMan/tpls/config.tpl:463 - styleChecked is not set
Sat Apr  9 20:36:38 2022 [63978][1][FATAL] log call at: modules/EmailMan/tpls/config.tpl:463 - styleChecked is not set
Sat Apr  9 20:37:43 2022 [47967][1][FATAL] log call at: modules/EmailMan/tpls/config.tpl:463 - styleChecked is not set
Sat Apr  9 20:38:46 2022 [46675][1][FATAL] log call at: modules/EmailMan/tpls/config.tpl:463 - styleChecked is not set
Sat Apr  9 20:40:23 2022 [63978][1][FATAL] log call at: modules/EmailMan/tpls/config.tpl:463 - styleChecked is not set
Sat Apr  9 20:41:31 2022 [63978][1][FATAL] log call at: modules/EmailMan/tpls/config.tpl:463 - styleChecked is not set
Sat Apr  9 20:43:05 2022 [46718][1][FATAL] log call at: modules/EmailMan/tpls/config.tpl:463 - styleChecked is not set
Sat Apr  9 20:44:37 2022 [48688][1][FATAL] log call at: modules/EmailMan/tpls/config.tpl:463 - styleChecked is not set
Sat Apr  9 20:49:13 2022 [70184][1][FATAL] log call at: modules/EmailMan/tpls/config.tpl:463 - styleChecked is not set
Sat Apr  9 20:52:14 2022 [46675][1][FATAL] log call at: modules/EmailMan/tpls/config.tpl:463 - styleChecked is not set
Sat Apr  9 20:53:12 2022 [48854][1][FATAL] log call at: modules/EmailMan/tpls/config.tpl:463 - styleChecked is not set
Sat Apr  9 20:54:19 2022 [46718][1][FATAL] log call at: modules/EmailMan/tpls/config.tpl:463 - styleChecked is not set
Sat Apr  9 21:01:17 2022 [46675][1][FATAL] log call at: modules/EmailMan/tpls/config.tpl:463 - styleChecked is not set
Sat Apr  9 21:16:31 2022 [49906][1][FATAL] log call at: modules/EmailMan/tpls/config.tpl:463 - styleChecked is not set
Sat Apr  9 21:24:19 2022 [49682][1][FATAL] Mysqli_query failed.
Sat Apr  9 21:24:19 2022 [49682][1][FATAL]  Query Failed: SELECT favorites.*
                  FROM favorites
                  JOIN config ON ( config.id = favorites.parent_id )
                  WHERE favorites.assigned_user_id = '1'
                    AND favorites.parent_type = 'Administration'
                    AND favorites.deleted = 0
                    AND config.deleted = 0
                  ORDER BY favorites.date_entered DESC LIMIT 0,10: MySQL error 1054: Unknown column 'config.deleted' in 'where clause'
Sat Apr  9 21:24:22 2022 [70184][1][FATAL] log call at: modules/EmailMan/tpls/config.tpl:463 - styleChecked is not set
Sat Apr  9 21:24:23 2022 [70184][1][FATAL] log call at: modules/EmailMan/tpls/config.tpl:463 - styleChecked is not set
Sun Apr 10 15:39:12 2022 [50637][1][FATAL] log call at: modules/EmailMan/tpls/config.tpl:463 - styleChecked is not set
Sun Apr 10 15:56:20 2022 [48854][1][FATAL] log call at: modules/EmailMan/tpls/config.tpl:463 - styleChecked is not set
Sun Apr 10 16:08:37 2022 [39673][1][FATAL] log call at: modules/EmailMan/tpls/config.tpl:463 - styleChecked is not set
Sun Apr 10 16:09:06 2022 [48854][1][FATAL] log call at: modules/EmailMan/tpls/config.tpl:463 - styleChecked is not set
Sun Apr 10 16:11:04 2022 [42719][1][FATAL] log call at: modules/EmailMan/tpls/config.tpl:463 - styleChecked is not set
Sun Apr 10 16:12:46 2022 [41367][1][FATAL] log call at: modules/EmailMan/tpls/config.tpl:463 - styleChecked is not set
Sun Apr 10 16:33:03 2022 [43217][1][FATAL] log call at: modules/EmailMan/tpls/config.tpl:463 - styleChecked is not set
Sun Apr 10 16:39:22 2022 [39673][1][FATAL] log call at: modules/EmailMan/tpls/config.tpl:463 - styleChecked is not set
Thu Apr 14 05:12:29 2022 [43217][1][FATAL] log call at: modules/EmailMan/tpls/config.tpl:463 - styleChecked is not set
Thu Apr 14 05:12:30 2022 [43217][1][FATAL] log call at: modules/EmailMan/tpls/config.tpl:463 - styleChecked is not set
